<?xml version="1.0" encoding="UTF-8"?>
<!-- Generated by org.testng.reporters.JUnitReportReporter -->
<testsuite hostname="DESKTOP-M1JTLAH" failures="0" tests="1" name="com.bridgelabz.selenium.PopUps" time="10.862" errors="0" timestamp="2022-08-02T00:27:03 IST" skipped="0">
  <testcase classname="com.bridgelabz.selenium.PopUps" name="simpleAlertPopUp" time="10.862"/>
  <system-out/>
</testsuite> <!-- com.bridgelabz.selenium.PopUps -->
