<?xml version="1.0" encoding="UTF-8"?>
<!-- Generated by org.testng.reporters.JUnitReportReporter -->
<testsuite hostname="DESKTOP-M1JTLAH" failures="0" tests="1" name="com.bridgelabz.selenium.Action_Class_Methods" time="23.512" errors="0" timestamp="2022-08-02T23:04:36 IST" skipped="0">
  <testcase classname="com.bridgelabz.selenium.Action_Class_Methods" name="gmail_contextClickDemo_mailArchive" time="23.512"/>
  <system-out/>
</testsuite> <!-- com.bridgelabz.selenium.Action_Class_Methods -->
