<?xml version="1.0" encoding="UTF-8"?>
<!-- Generated by org.testng.reporters.JUnitReportReporter -->
<testsuite hostname="DESKTOP-M1JTLAH" failures="0" tests="1" name="com.bridgelabz.selenium.ClearField_Without_ClearMethod" time="26.186" errors="0" timestamp="2022-07-28T00:46:22 IST" skipped="0">
  <testcase classname="com.bridgelabz.selenium.ClearField_Without_ClearMethod" name="clearField" time="26.186"/>
  <system-out/>
</testsuite> <!-- com.bridgelabz.selenium.ClearField_Without_ClearMethod -->
