<?xml version="1.0" encoding="UTF-8"?>
<!-- Generated by org.testng.reporters.JUnitReportReporter -->
<testsuite hostname="DESKTOP-M1JTLAH" failures="0" tests="1" name="com.bridgelabz.selenium.Expected_Page_Displayed" time="7.969" errors="0" timestamp="2022-07-23T11:02:51 IST" skipped="0">
  <testcase classname="com.bridgelabz.selenium.Expected_Page_Displayed" name="pageDisplayed" time="7.969"/>
  <system-out/>
</testsuite> <!-- com.bridgelabz.selenium.Expected_Page_Displayed -->
