<?xml version="1.0" encoding="UTF-8"?>
<!-- Generated by org.testng.reporters.JUnitReportReporter -->
<testsuite hostname="DESKTOP-M1JTLAH" failures="0" tests="1" name="com.bridgelabz.selenium.Handling_Frames" time="4.440" errors="0" timestamp="2022-08-02T00:13:53 IST" skipped="0">
  <testcase classname="com.bridgelabz.selenium.Handling_Frames" name="frames_usingName" time="4.440"/>
  <system-out/>
</testsuite> <!-- com.bridgelabz.selenium.Handling_Frames -->
