<?xml version="1.0" encoding="UTF-8"?>
<!-- Generated by org.testng.reporters.JUnitReportReporter -->
<testsuite hostname="DESKTOP-M1JTLAH" failures="0" tests="1" name="com.bridgelabz.selenium.Launch_Browser" time="38.238" errors="0" timestamp="2022-07-23T10:56:53 IST" skipped="0">
  <testcase classname="com.bridgelabz.selenium.Launch_Browser" name="launch" time="38.238"/>
  <system-out/>
</testsuite> <!-- com.bridgelabz.selenium.Launch_Browser -->
