<?xml version="1.0" encoding="UTF-8"?>
<!-- Generated by org.testng.reporters.JUnitReportReporter -->
<testsuite hostname="DESKTOP-M1JTLAH" failures="0" tests="1" name="com.bridgelabz.selenium.Facebook_Registration" time="31.955" errors="0" timestamp="2022-07-19T20:12:40 IST" skipped="0">
  <testcase classname="com.bridgelabz.selenium.Facebook_Registration" name="signup" time="31.955"/>
  <system-out/>
</testsuite> <!-- com.bridgelabz.selenium.Facebook_Registration -->
