<?xml version="1.0" encoding="UTF-8"?>
<!-- Generated by org.testng.reporters.JUnitReportReporter -->
<testsuite hostname="DESKTOP-M1JTLAH" failures="0" tests="1" name="com.bridgelabz.selenium.Robot_Class_Method" time="24.622" errors="0" timestamp="2022-07-23T10:54:08 IST" skipped="0">
  <testcase classname="com.bridgelabz.selenium.Robot_Class_Method" name="mouseAnsKeyBoardOperator" time="24.622"/>
  <system-out/>
</testsuite> <!-- com.bridgelabz.selenium.Robot_Class_Method -->
