<?xml version="1.0" encoding="UTF-8"?>
<!-- Generated by org.testng.reporters.JUnitReportReporter -->
<testsuite hostname="DESKTOP-M1JTLAH" failures="0" tests="1" name="com.bridgelabz.selenium.Action_Cls_Methods" time="8.106" errors="0" timestamp="2022-07-28T00:59:01 IST" skipped="0">
  <testcase classname="com.bridgelabz.selenium.Action_Cls_Methods" name="dragDrop" time="8.106"/>
  <system-out/>
</testsuite> <!-- com.bridgelabz.selenium.Action_Cls_Methods -->
