<?xml version="1.0" encoding="UTF-8"?>
<!-- Generated by org.testng.reporters.JUnitReportReporter -->
<testsuite hostname="DESKTOP-M1JTLAH" failures="0" tests="1" name="com.bridgelabz.selenium.Take_Screenshot" time="6.797" errors="0" timestamp="2022-07-28T00:44:46 IST" skipped="0">
  <testcase classname="com.bridgelabz.selenium.Take_Screenshot" name="screenshot" time="6.797"/>
  <system-out/>
</testsuite> <!-- com.bridgelabz.selenium.Take_Screenshot -->
