<?xml version="1.0" encoding="UTF-8"?>
<!-- Generated by org.testng.reporters.JUnitReportReporter -->
<testsuite hostname="DESKTOP-M1JTLAH" failures="0" tests="1" name="com.bridgelabz.selenium.Facebook_Login" time="17.183" errors="0" timestamp="2022-07-16T21:22:08 IST" skipped="0">
  <testcase classname="com.bridgelabz.selenium.Facebook_Login" name="login" time="17.183"/>
  <system-out/>
</testsuite> <!-- com.bridgelabz.selenium.Facebook_Login -->
