<?xml version="1.0" encoding="UTF-8"?>
<!-- Generated by org.testng.reporters.JUnitReportReporter -->
<testsuite hostname="DESKTOP-M1JTLAH" failures="0" tests="1" name="com.bridgelabz.selenium.Get_Method_Display" time="14.420" errors="0" timestamp="2022-07-23T10:59:49 IST" skipped="0">
  <testcase classname="com.bridgelabz.selenium.Get_Method_Display" name="excpetedPage" time="14.420"/>
  <system-out/>
</testsuite> <!-- com.bridgelabz.selenium.Get_Method_Display -->
