<?xml version="1.0" encoding="UTF-8"?>
<!-- Generated by org.testng.reporters.JUnitReportReporter -->
<testsuite hostname="DESKTOP-M1JTLAH" failures="0" tests="1" name="com.bridgelabz.selenium.Waits" time="17.440" errors="0" timestamp="2022-08-02T00:34:48 IST" skipped="0">
  <testcase classname="com.bridgelabz.selenium.Waits" name="explicit" time="17.440"/>
  <system-out/>
</testsuite> <!-- com.bridgelabz.selenium.Waits -->
