<?xml version="1.0" encoding="UTF-8"?>
<!-- Generated by org.testng.reporters.JUnitReportReporter -->
<testsuite hostname="DESKTOP-M1JTLAH" failures="0" tests="1" name="com.bridgelabz.selenium.Facebook_XPath_Program" time="24.052" errors="0" timestamp="2022-07-23T14:57:34 IST" skipped="0">
  <testcase classname="com.bridgelabz.selenium.Facebook_XPath_Program" name="login" time="24.052"/>
  <system-out/>
</testsuite> <!-- com.bridgelabz.selenium.Facebook_XPath_Program -->
